Performing C SOURCE FILE Test CMAKE_HAVE_LIBC_PTHREAD failed with the following output:
Change Dir: /home/ruturajsambhus/Work/Coding_Tutorials/Harry_cpp/build/CMakeFiles/CMakeScratch/TryCompile-6XzyPG

Run Build Command(s):/usr/bin/make -f Makefile cmTC_cf03e/fast && /usr/bin/make  -f CMakeFiles/cmTC_cf03e.dir/build.make CMakeFiles/cmTC_cf03e.dir/build
make[1]: Entering directory '/home/ruturajsambhus/Work/Coding_Tutorials/Harry_cpp/build/CMakeFiles/CMakeScratch/TryCompile-6XzyPG'
Building C object CMakeFiles/cmTC_cf03e.dir/src.c.o
/usr/bin/cc -DCMAKE_HAVE_LIBC_PTHREAD   -o CMakeFiles/cmTC_cf03e.dir/src.c.o -c /home/ruturajsambhus/Work/Coding_Tutorials/Harry_cpp/build/CMakeFiles/CMakeScratch/TryCompile-6XzyPG/src.c
Linking C executable cmTC_cf03e
/home/ruturajsambhus/anaconda3/lib/python3.7/site-packages/cmake/data/bin/cmake -E cmake_link_script CMakeFiles/cmTC_cf03e.dir/link.txt --verbose=1
/usr/bin/cc CMakeFiles/cmTC_cf03e.dir/src.c.o -o cmTC_cf03e 
/usr/bin/ld: CMakeFiles/cmTC_cf03e.dir/src.c.o: in function `main':
src.c:(.text+0x46): undefined reference to `pthread_create'
/usr/bin/ld: src.c:(.text+0x52): undefined reference to `pthread_detach'
/usr/bin/ld: src.c:(.text+0x5e): undefined reference to `pthread_cancel'
/usr/bin/ld: src.c:(.text+0x6f): undefined reference to `pthread_join'
collect2: error: ld returned 1 exit status
make[1]: *** [CMakeFiles/cmTC_cf03e.dir/build.make:99: cmTC_cf03e] Error 1
make[1]: Leaving directory '/home/ruturajsambhus/Work/Coding_Tutorials/Harry_cpp/build/CMakeFiles/CMakeScratch/TryCompile-6XzyPG'
make: *** [Makefile:127: cmTC_cf03e/fast] Error 2


Source file was:
#include <pthread.h>

static void* test_func(void* data)
{
  return data;
}

int main(void)
{
  pthread_t thread;
  pthread_create(&thread, NULL, test_func, NULL);
  pthread_detach(thread);
  pthread_cancel(thread);
  pthread_join(thread, NULL);
  pthread_atfork(NULL, NULL, NULL);
  pthread_exit(NULL);

  return 0;
}


Determining if the function pthread_create exists in the pthreads failed with the following output:
Change Dir: /home/ruturajsambhus/Work/Coding_Tutorials/Harry_cpp/build/CMakeFiles/CMakeScratch/TryCompile-HXw4ZD

Run Build Command(s):/usr/bin/make -f Makefile cmTC_1faf0/fast && /usr/bin/make  -f CMakeFiles/cmTC_1faf0.dir/build.make CMakeFiles/cmTC_1faf0.dir/build
make[1]: Entering directory '/home/ruturajsambhus/Work/Coding_Tutorials/Harry_cpp/build/CMakeFiles/CMakeScratch/TryCompile-HXw4ZD'
Building C object CMakeFiles/cmTC_1faf0.dir/CheckFunctionExists.c.o
/usr/bin/cc   -DCHECK_FUNCTION_EXISTS=pthread_create -o CMakeFiles/cmTC_1faf0.dir/CheckFunctionExists.c.o -c /home/ruturajsambhus/Work/Coding_Tutorials/Harry_cpp/build/CMakeFiles/CMakeScratch/TryCompile-HXw4ZD/CheckFunctionExists.c
Linking C executable cmTC_1faf0
/home/ruturajsambhus/anaconda3/lib/python3.7/site-packages/cmake/data/bin/cmake -E cmake_link_script CMakeFiles/cmTC_1faf0.dir/link.txt --verbose=1
/usr/bin/cc  -DCHECK_FUNCTION_EXISTS=pthread_create CMakeFiles/cmTC_1faf0.dir/CheckFunctionExists.c.o -o cmTC_1faf0  -lpthreads 
/usr/bin/ld: cannot find -lpthreads
collect2: error: ld returned 1 exit status
make[1]: *** [CMakeFiles/cmTC_1faf0.dir/build.make:99: cmTC_1faf0] Error 1
make[1]: Leaving directory '/home/ruturajsambhus/Work/Coding_Tutorials/Harry_cpp/build/CMakeFiles/CMakeScratch/TryCompile-HXw4ZD'
make: *** [Makefile:127: cmTC_1faf0/fast] Error 2



